# JRE version: OpenJDK Runtime Environment (21.0.9) (build 21.0.9+-14787801-b1163.94)
# Java VM: OpenJDK 64-Bit Server VM (21.0.9+-14787801-b1163.94, mixed mode, tiered, compressed oops, compressed class ptrs, g1 gc, windows-amd64)
GC Precious Log:
 CardTable entry size: 512
 Card Set container configuration: InlinePtr #cards 4 size 8 Array Of Cards #cards 16 size 48 Howl #buckets 8 coarsen threshold 3686 Howl Bitmap #cards 512 size 80 coarsen threshold 460 Card regions per heap region 1 cards per card region 4096
 CPUs: 12 total, 12 available
 Memory: 15740M
 Large Page Support: Disabled
 NUMA Support: Disabled
 Compressed Oops: Enabled (Zero based)
 Heap Region Size: 2M
 Heap Min Capacity: 8M
 Heap Initial Capacity: 246M
 Heap Max Capacity: 3936M
 Pre-touch: Disabled
 Parallel Workers: 10
 Concurrent Workers: 3
 Concurrent Refinement Workers: 10
 Periodic GC: Disabled
Heap:
 garbage-first heap   total 47104K, used 28443K [0x000000070a000000, 0x0000000800000000)
  region size 2048K, 1 young (2048K), 1 survivors (2048K)
 Metaspace       used 37695K, committed 37952K, reserved 1114112K
  class space    used 4641K, committed 4736K, reserved 1048576K
GC Heap History (17 events):
Event: 1.316 GC heap before
{Heap before GC invocations=0 (full 0):
 garbage-first heap   total 251904K, used 24576K [0x000000070a000000, 0x0000000800000000)
  region size 2048K, 11 young (22528K), 0 survivors (0K)
 Metaspace       used 14514K, committed 14592K, reserved 1114112K
  class space    used 1369K, committed 1408K, reserved 1048576K
}
Event: 1.319 GC heap after
{Heap after GC invocations=1 (full 0):
 garbage-first heap   total 251904K, used 7232K [0x000000070a000000, 0x0000000800000000)
  region size 2048K, 2 young (4096K), 2 survivors (4096K)
 Metaspace       used 14514K, committed 14592K, reserved 1114112K
  class space    used 1369K, committed 1408K, reserved 1048576K
}
Event: 2.562 GC heap before
{Heap before GC invocations=1 (full 0):
 garbage-first heap   total 251904K, used 27712K [0x000000070a000000, 0x0000000800000000)
  region size 2048K, 14 young (28672K), 2 survivors (4096K)
 Metaspace       used 21312K, committed 21504K, reserved 1114112K
  class space    used 2293K, committed 2368K, reserved 1048576K
}
Event: 2.565 GC heap after
{Heap after GC invocations=2 (full 0):
 garbage-first heap   total 251904K, used 8877K [0x000000070a000000, 0x0000000800000000)
  region size 2048K, 3 young (6144K), 3 survivors (6144K)
 Metaspace       used 21312K, committed 21504K, reserved 1114112K
  class space    used 2293K, committed 2368K, reserved 1048576K
}
Event: 3.174 GC heap before
{Heap before GC invocations=3 (full 0):
 garbage-first heap   total 34816K, used 33453K [0x000000070a000000, 0x0000000800000000)
  region size 2048K, 15 young (30720K), 3 survivors (6144K)
 Metaspace       used 26103K, committed 26304K, reserved 1114112K
  class space    used 2884K, committed 2944K, reserved 1048576K
}
Event: 3.182 GC heap after
{Heap after GC invocations=4 (full 0):
 garbage-first heap   total 45056K, used 13935K [0x000000070a000000, 0x0000000800000000)
  region size 2048K, 5 young (10240K), 5 survivors (10240K)
 Metaspace       used 26103K, committed 26304K, reserved 1114112K
  class space    used 2884K, committed 2944K, reserved 1048576K
}
Event: 3.513 GC heap before
{Heap before GC invocations=4 (full 0):
 garbage-first heap   total 45056K, used 30319K [0x000000070a000000, 0x0000000800000000)
  region size 2048K, 13 young (26624K), 5 survivors (10240K)
 Metaspace       used 26157K, committed 26368K, reserved 1114112K
  class space    used 2884K, committed 2944K, reserved 1048576K
}
Event: 3.525 GC heap after
{Heap after GC invocations=5 (full 0):
 garbage-first heap   total 47104K, used 20480K [0x000000070a000000, 0x0000000800000000)
  region size 2048K, 2 young (4096K), 2 survivors (4096K)
 Metaspace       used 26157K, committed 26368K, reserved 1114112K
  class space    used 2884K, committed 2944K, reserved 1048576K
}
Event: 4.820 GC heap before
{Heap before GC invocations=5 (full 0):
 garbage-first heap   total 47104K, used 34816K [0x000000070a000000, 0x0000000800000000)
  region size 2048K, 9 young (18432K), 2 survivors (4096K)
 Metaspace       used 28689K, committed 28992K, reserved 1114112K
  class space    used 3151K, committed 3264K, reserved 1048576K
}
Event: 4.824 GC heap after
{Heap after GC invocations=6 (full 0):
 garbage-first heap   total 47104K, used 22739K [0x000000070a000000, 0x0000000800000000)
  region size 2048K, 1 young (2048K), 1 survivors (2048K)
 Metaspace       used 28689K, committed 28992K, reserved 1114112K
  class space    used 3151K, committed 3264K, reserved 1048576K
}
Event: 5.262 GC heap before
{Heap before GC invocations=6 (full 0):
 garbage-first heap   total 47104K, used 35027K [0x000000070a000000, 0x0000000800000000)
  region size 2048K, 7 young (14336K), 1 survivors (2048K)
 Metaspace       used 30016K, committed 30272K, reserved 1114112K
  class space    used 3278K, committed 3392K, reserved 1048576K
}
Event: 5.266 GC heap after
{Heap after GC invocations=7 (full 0):
 garbage-first heap   total 47104K, used 24321K [0x000000070a000000, 0x0000000800000000)
  region size 2048K, 1 young (2048K), 1 survivors (2048K)
 Metaspace       used 30016K, committed 30272K, reserved 1114112K
  class space    used 3278K, committed 3392K, reserved 1048576K
}
Event: 7.105 GC heap before
{Heap before GC invocations=8 (full 0):
 garbage-first heap   total 47104K, used 34561K [0x000000070a000000, 0x0000000800000000)
  region size 2048K, 7 young (14336K), 1 survivors (2048K)
 Metaspace       used 34064K, committed 34304K, reserved 1114112K
  class space    used 4257K, committed 4352K, reserved 1048576K
}
Event: 7.108 GC heap after
{Heap after GC invocations=9 (full 0):
 garbage-first heap   total 47104K, used 25467K [0x000000070a000000, 0x0000000800000000)
  region size 2048K, 1 young (2048K), 1 survivors (2048K)
 Metaspace       used 34064K, committed 34304K, reserved 1114112K
  class space    used 4257K, committed 4352K, reserved 1048576K
}
Event: 7.565 GC heap before
{Heap before GC invocations=9 (full 0):
 garbage-first heap   total 47104K, used 37755K [0x000000070a000000, 0x0000000800000000)
  region size 2048K, 7 young (14336K), 1 survivors (2048K)
 Metaspace       used 35475K, committed 35712K, reserved 1114112K
  class space    used 4395K, committed 4480K, reserved 1048576K
}
Event: 7.571 GC heap after
{Heap after GC invocations=10 (full 0):
 garbage-first heap   total 47104K, used 28024K [0x000000070a000000, 0x0000000800000000)
  region size 2048K, 1 young (2048K), 1 survivors (2048K)
 Metaspace       used 35475K, committed 35712K, reserved 1114112K
  class space    used 4395K, committed 4480K, reserved 1048576K
}
Event: 8.923 GC heap before
{Heap before GC invocations=10 (full 0):
 garbage-first heap   total 47104K, used 36216K [0x000000070a000000, 0x0000000800000000)
  region size 2048K, 6 young (12288K), 1 survivors (2048K)
 Metaspace       used 37695K, committed 37952K, reserved 1114112K
  class space    used 4641K, committed 4736K, reserved 1048576K
}

